{
  "RSpec": {
    "coverage": {
      "/Users/jeremiahthomas/Desktop/A&M/CSCE 606/CSCE606-Project2/app/helpers/albums_helper.rb": {
        "lines": [
          1,
          null
        ]
      },
      "/Users/jeremiahthomas/Desktop/A&M/CSCE 606/CSCE606-Project2/app/helpers/application_helper.rb": {
        "lines": [
          1,
          null
        ]
      },
      "/Users/jeremiahthomas/Desktop/A&M/CSCE 606/CSCE606-Project2/app/helpers/artists_helper.rb": {
        "lines": [
          1,
          null
        ]
      },
      "/Users/jeremiahthomas/Desktop/A&M/CSCE 606/CSCE606-Project2/app/helpers/collection_items_helper.rb": {
        "lines": [
          1,
          null
        ]
      },
      "/Users/jeremiahthomas/Desktop/A&M/CSCE 606/CSCE606-Project2/app/helpers/home_helper.rb": {
        "lines": [
          1,
          null
        ]
      },
      "/Users/jeremiahthomas/Desktop/A&M/CSCE 606/CSCE606-Project2/app/helpers/search_helper.rb": {
        "lines": [
          1,
          null
        ]
      },
      "/Users/jeremiahthomas/Desktop/A&M/CSCE 606/CSCE606-Project2/app/helpers/sessions_helper.rb": {
        "lines": [
          1,
          null
        ]
      },
      "/Users/jeremiahthomas/Desktop/A&M/CSCE 606/CSCE606-Project2/app/helpers/users_helper.rb": {
        "lines": [
          1,
          null
        ]
      },
      "/Users/jeremiahthomas/Desktop/A&M/CSCE 606/CSCE606-Project2/app/helpers/wishlist_items_helper.rb": {
        "lines": [
          1,
          null
        ]
      },
      "/Users/jeremiahthomas/Desktop/A&M/CSCE 606/CSCE606-Project2/app/controllers/application_controller.rb": {
        "lines": [
          null,
          1,
          1,
          null,
          1,
          null,
          1,
          2,
          null,
          null,
          1,
          2,
          null,
          null,
          1,
          2,
          1,
          1,
          null,
          null
        ]
      },
      "/Users/jeremiahthomas/Desktop/A&M/CSCE 606/CSCE606-Project2/app/controllers/artists_controller.rb": {
        "lines": [
          1,
          1,
          null,
          null,
          1,
          null,
          3,
          null,
          3,
          1,
          null,
          2,
          null,
          null,
          null,
          null,
          1,
          4,
          4,
          4,
          null,
          null,
          4,
          2,
          2,
          null,
          null,
          2,
          null,
          null,
          null,
          4,
          2,
          2,
          null,
          null,
          2,
          null,
          null,
          null,
          4,
          2,
          2,
          null,
          null,
          2,
          null,
          null,
          null,
          null,
          1,
          1,
          null,
          null,
          null,
          1,
          null,
          null,
          null,
          1,
          7,
          null,
          7,
          7,
          7,
          5,
          null,
          5,
          4,
          null,
          null,
          null,
          null,
          null,
          1,
          5,
          5,
          5,
          4,
          null,
          3,
          3,
          null,
          null,
          null,
          null,
          null,
          1,
          3,
          null,
          3,
          5,
          4,
          null,
          null,
          null,
          null,
          1,
          9,
          null,
          9,
          9,
          3,
          3,
          null,
          null,
          7,
          null,
          6,
          3,
          null,
          null,
          3,
          3,
          null,
          2,
          3,
          3,
          null,
          null,
          null,
          null,
          null,
          null,
          1,
          13,
          null,
          null,
          null,
          1,
          12,
          null
        ]
      },
      "/Users/jeremiahthomas/Desktop/A&M/CSCE 606/CSCE606-Project2/app/controllers/collection_items_controller.rb": {
        "lines": [
          1,
          1,
          2,
          2,
          null,
          null,
          1,
          13,
          null,
          null,
          13,
          null,
          null,
          13,
          9,
          null,
          null,
          null,
          13,
          null,
          null,
          null,
          10,
          10,
          null,
          null,
          null,
          13,
          2,
          null,
          null,
          null,
          13,
          null,
          13,
          1,
          null,
          12,
          null,
          12,
          11,
          null,
          1,
          null,
          null,
          null,
          null,
          1,
          2,
          2,
          2,
          2,
          null,
          null,
          1,
          null,
          18,
          13,
          null,
          null,
          5,
          5,
          2,
          null,
          3,
          null,
          null,
          null,
          null,
          1,
          null,
          17,
          null
        ]
      },
      "/Users/jeremiahthomas/Desktop/A&M/CSCE 606/CSCE606-Project2/app/controllers/search_controller.rb": {
        "lines": [
          null,
          1,
          1,
          2,
          null,
          2,
          1,
          1,
          1,
          1,
          1,
          null,
          null
        ]
      },
      "/Users/jeremiahthomas/Desktop/A&M/CSCE 606/CSCE606-Project2/app/controllers/sessions_controller.rb": {
        "lines": [
          null,
          1,
          1,
          null,
          null,
          null,
          1,
          2,
          null,
          2,
          1,
          1,
          null,
          1,
          1,
          null,
          null,
          null,
          1,
          1,
          1,
          null
        ]
      },
      "/Users/jeremiahthomas/Desktop/A&M/CSCE 606/CSCE606-Project2/app/controllers/users_controller.rb": {
        "lines": [
          null,
          1,
          1,
          1,
          null,
          null,
          1,
          2,
          null,
          2,
          1,
          1,
          null,
          1,
          1,
          null,
          null,
          null,
          1,
          null,
          1,
          2,
          null
        ]
      },
      "/Users/jeremiahthomas/Desktop/A&M/CSCE 606/CSCE606-Project2/app/controllers/wishlist_items_controller.rb": {
        "lines": [
          1,
          1,
          1,
          null,
          null,
          1,
          2,
          2,
          null,
          null,
          2,
          null,
          2,
          1,
          1,
          null,
          null,
          1,
          null,
          null,
          null,
          null,
          null,
          1,
          1,
          null,
          0,
          null,
          null,
          null,
          1,
          1,
          1,
          1,
          1,
          null,
          null,
          1,
          2,
          2,
          null,
          0,
          0,
          0,
          null,
          0,
          null,
          null,
          null
        ]
      },
      "/Users/jeremiahthomas/Desktop/A&M/CSCE 606/CSCE606-Project2/app/services/discogs_service.rb": {
        "lines": [
          null,
          1,
          null,
          1,
          1,
          null,
          37,
          36,
          null,
          null,
          1,
          0,
          0,
          null,
          null,
          null,
          null,
          1,
          null,
          null,
          5,
          3,
          3,
          null,
          1,
          1,
          1,
          1,
          null,
          1,
          1,
          null,
          null,
          null,
          1,
          null,
          null,
          3,
          1,
          1,
          null,
          1,
          1,
          null,
          1,
          1,
          null,
          null,
          null,
          1,
          4,
          3,
          null,
          1,
          1,
          null,
          null,
          1,
          null,
          4,
          4,
          null,
          null,
          4,
          2,
          null,
          2,
          1,
          1,
          null,
          null,
          1,
          1,
          null,
          null,
          1,
          null,
          null,
          null,
          null,
          null,
          1,
          null,
          null,
          1,
          1,
          null,
          1,
          1,
          1,
          null,
          null,
          null,
          1,
          2,
          null,
          1,
          1,
          null,
          null,
          1,
          9,
          null,
          1,
          1,
          null,
          null,
          1,
          16,
          null,
          3,
          3,
          null,
          null,
          1,
          3,
          3,
          null,
          null,
          1,
          6,
          6,
          6,
          null,
          4,
          4,
          null,
          3,
          null,
          0,
          0,
          null,
          null,
          1,
          5,
          5,
          5,
          null,
          3,
          3,
          null,
          2,
          null,
          0,
          0,
          null,
          null
        ]
      },
      "/Users/jeremiahthomas/Desktop/A&M/CSCE 606/CSCE606-Project2/app/models/user.rb": {
        "lines": [
          null,
          1,
          1,
          null,
          1,
          1,
          null,
          1,
          1
        ]
      },
      "/Users/jeremiahthomas/Desktop/A&M/CSCE 606/CSCE606-Project2/app/models/application_record.rb": {
        "lines": [
          1,
          1,
          null
        ]
      },
      "/Users/jeremiahthomas/Desktop/A&M/CSCE 606/CSCE606-Project2/app/models/artist.rb": {
        "lines": [
          1,
          1,
          1,
          1,
          null
        ]
      },
      "/Users/jeremiahthomas/Desktop/A&M/CSCE 606/CSCE606-Project2/app/models/album.rb": {
        "lines": [
          1,
          1,
          null
        ]
      },
      "/Users/jeremiahthomas/Desktop/A&M/CSCE 606/CSCE606-Project2/app/models/collection_item.rb": {
        "lines": [
          1,
          1,
          null
        ]
      },
      "/Users/jeremiahthomas/Desktop/A&M/CSCE 606/CSCE606-Project2/app/models/wishlist_item.rb": {
        "lines": [
          1,
          null
        ]
      },
      "/Users/jeremiahthomas/Desktop/A&M/CSCE 606/CSCE606-Project2/app/controllers/home_controller.rb": {
        "lines": [
          0,
          0,
          0,
          0
        ],
        "branches": {}
      },
      "/Users/jeremiahthomas/Desktop/A&M/CSCE 606/CSCE606-Project2/app/jobs/application_job.rb": {
        "lines": [
          0,
          null,
          null,
          null,
          null,
          null,
          0
        ],
        "branches": {}
      },
      "/Users/jeremiahthomas/Desktop/A&M/CSCE 606/CSCE606-Project2/app/mailers/application_mailer.rb": {
        "lines": [
          0,
          0,
          0,
          0
        ],
        "branches": {}
      }
    },
    "timestamp": 1762325913
  }
}
